2022-11-30 13:23:31 info: =================================
2022-11-30 13:23:31 info: ======= ENV: development =======
2022-11-30 13:23:31 info: 🚀 App listening on the port 3000
2022-11-30 13:23:31 info: =================================
2022-11-30 13:26:01 info: [0mGET / [32m200[0m 7.397 ms - 2[0m
2022-11-30 13:29:55 info: [0mGET /signup [33m404[0m 25.721 ms - 145[0m
2022-11-30 13:30:00 info: [0mPOST /signup [32m201[0m 114.330 ms - 137[0m
2022-11-30 13:30:13 error: [POST] /login >> StatusCode:: 409, Message:: This email anthibo@test.com was not found
2022-11-30 13:30:13 info: [0mPOST /login [33m409[0m 8.037 ms - 55[0m
2022-11-30 13:32:37 info: [0mPOST /signup [32m201[0m 98.501 ms - 137[0m
2022-11-30 13:33:03 info: =================================
2022-11-30 13:33:03 info: ======= ENV: development =======
2022-11-30 13:33:03 info: 🚀 App listening on the port 3000
2022-11-30 13:33:03 info: =================================
2022-11-30 13:33:14 info: =================================
2022-11-30 13:33:14 info: ======= ENV: development =======
2022-11-30 13:33:14 info: 🚀 App listening on the port 3000
2022-11-30 13:33:14 info: =================================
2022-11-30 13:33:30 info: [0mPOST /login [32m200[0m 137.620 ms - 138[0m
2022-11-30 13:33:38 info: [0mPOST /login [32m200[0m 104.691 ms - 138[0m
2022-11-30 13:33:40 info: [0mPOST /login [32m200[0m 117.002 ms - 138[0m
2022-11-30 13:36:08 info: [0mGET /users/1 [32m200[0m 2.147 ms - 140[0m
2022-11-30 13:37:17 info: =================================
2022-11-30 13:37:17 info: ======= ENV: development =======
2022-11-30 13:37:17 info: 🚀 App listening on the port 3000
2022-11-30 13:37:17 info: =================================
2022-11-30 13:37:45 info: =================================
2022-11-30 13:37:45 info: ======= ENV: development =======
2022-11-30 13:37:45 info: 🚀 App listening on the port 3000
2022-11-30 13:37:45 info: =================================
2022-11-30 13:37:59 info: =================================
2022-11-30 13:37:59 info: ======= ENV: development =======
2022-11-30 13:37:59 info: 🚀 App listening on the port 3000
2022-11-30 13:37:59 info: =================================
2022-11-30 14:06:29 info: =================================
2022-11-30 14:06:29 info: ======= ENV: development =======
2022-11-30 14:06:29 info: 🚀 App listening on the port 3000
2022-11-30 14:06:29 info: =================================
2022-11-30 14:19:05 info: =================================
2022-11-30 14:19:05 info: ======= ENV: development =======
2022-11-30 14:19:05 info: 🚀 App listening on the port 3000
2022-11-30 14:19:05 info: =================================
2022-11-30 14:19:28 info: =================================
2022-11-30 14:19:28 info: ======= ENV: development =======
2022-11-30 14:19:28 info: 🚀 App listening on the port 3000
2022-11-30 14:19:28 info: =================================
2022-11-30 14:20:05 info: =================================
2022-11-30 14:20:05 info: ======= ENV: development =======
2022-11-30 14:20:05 info: 🚀 App listening on the port 3000
2022-11-30 14:20:05 info: =================================
2022-11-30 14:20:17 info: =================================
2022-11-30 14:20:17 info: ======= ENV: development =======
2022-11-30 14:20:17 info: 🚀 App listening on the port 3000
2022-11-30 14:20:17 info: =================================
2022-11-30 14:20:30 info: =================================
2022-11-30 14:20:30 info: ======= ENV: development =======
2022-11-30 14:20:30 info: 🚀 App listening on the port 3000
2022-11-30 14:20:30 info: =================================
2022-11-30 14:20:37 info: =================================
2022-11-30 14:20:37 info: ======= ENV: development =======
2022-11-30 14:20:37 info: 🚀 App listening on the port 3000
2022-11-30 14:20:37 info: =================================
2022-11-30 14:20:53 info: =================================
2022-11-30 14:20:53 info: ======= ENV: development =======
2022-11-30 14:20:53 info: 🚀 App listening on the port 3000
2022-11-30 14:20:53 info: =================================
2022-11-30 14:20:59 info: =================================
2022-11-30 14:20:59 info: ======= ENV: development =======
2022-11-30 14:20:59 info: 🚀 App listening on the port 3000
2022-11-30 14:20:59 info: =================================
2022-11-30 14:21:12 info: =================================
2022-11-30 14:21:12 info: ======= ENV: development =======
2022-11-30 14:21:12 info: 🚀 App listening on the port 3000
2022-11-30 14:21:12 info: =================================
2022-11-30 14:21:32 info: =================================
2022-11-30 14:21:32 info: ======= ENV: development =======
2022-11-30 14:21:32 info: 🚀 App listening on the port 3000
2022-11-30 14:21:32 info: =================================
2022-11-30 14:21:42 info: =================================
2022-11-30 14:21:42 info: ======= ENV: development =======
2022-11-30 14:21:42 info: 🚀 App listening on the port 3000
2022-11-30 14:21:42 info: =================================
2022-11-30 14:22:16 info: =================================
2022-11-30 14:22:16 info: ======= ENV: development =======
2022-11-30 14:22:16 info: 🚀 App listening on the port 3000
2022-11-30 14:22:16 info: =================================
2022-11-30 14:22:27 info: =================================
2022-11-30 14:22:27 info: ======= ENV: development =======
2022-11-30 14:22:27 info: 🚀 App listening on the port 3000
2022-11-30 14:22:27 info: =================================
2022-11-30 14:23:14 info: =================================
2022-11-30 14:23:14 info: ======= ENV: development =======
2022-11-30 14:23:14 info: 🚀 App listening on the port 3000
2022-11-30 14:23:14 info: =================================
2022-11-30 14:23:19 info: =================================
2022-11-30 14:23:19 info: ======= ENV: development =======
2022-11-30 14:23:19 info: 🚀 App listening on the port 3000
2022-11-30 14:23:19 info: =================================
2022-11-30 14:23:36 info: =================================
2022-11-30 14:23:36 info: ======= ENV: development =======
2022-11-30 14:23:36 info: 🚀 App listening on the port 3000
2022-11-30 14:23:36 info: =================================
2022-11-30 14:23:44 info: =================================
2022-11-30 14:23:44 info: ======= ENV: development =======
2022-11-30 14:23:44 info: 🚀 App listening on the port 3000
2022-11-30 14:23:44 info: =================================
2022-11-30 14:24:21 info: =================================
2022-11-30 14:24:21 info: ======= ENV: development =======
2022-11-30 14:24:21 info: 🚀 App listening on the port 3000
2022-11-30 14:24:21 info: =================================
2022-11-30 14:24:32 info: =================================
2022-11-30 14:24:32 info: ======= ENV: development =======
2022-11-30 14:24:32 info: 🚀 App listening on the port 3000
2022-11-30 14:24:32 info: =================================
2022-11-30 14:24:37 info: =================================
2022-11-30 14:24:37 info: ======= ENV: development =======
2022-11-30 14:24:37 info: 🚀 App listening on the port 3000
2022-11-30 14:24:37 info: =================================
2022-11-30 14:24:47 info: =================================
2022-11-30 14:24:47 info: ======= ENV: development =======
2022-11-30 14:24:47 info: 🚀 App listening on the port 3000
2022-11-30 14:24:47 info: =================================
2022-11-30 14:25:00 info: =================================
2022-11-30 14:25:00 info: ======= ENV: development =======
2022-11-30 14:25:00 info: 🚀 App listening on the port 3000
2022-11-30 14:25:00 info: =================================
2022-11-30 14:25:24 info: =================================
2022-11-30 14:25:24 info: ======= ENV: development =======
2022-11-30 14:25:24 info: 🚀 App listening on the port 3000
2022-11-30 14:25:24 info: =================================
2022-11-30 14:25:37 info: =================================
2022-11-30 14:25:37 info: ======= ENV: development =======
2022-11-30 14:25:37 info: 🚀 App listening on the port 3000
2022-11-30 14:25:37 info: =================================
2022-11-30 14:25:41 info: =================================
2022-11-30 14:25:41 info: ======= ENV: development =======
2022-11-30 14:25:41 info: 🚀 App listening on the port 3000
2022-11-30 14:25:41 info: =================================
2022-11-30 14:25:46 info: =================================
2022-11-30 14:25:46 info: ======= ENV: development =======
2022-11-30 14:25:46 info: 🚀 App listening on the port 3000
2022-11-30 14:25:46 info: =================================
2022-11-30 14:27:25 info: =================================
2022-11-30 14:27:25 info: ======= ENV: development =======
2022-11-30 14:27:25 info: 🚀 App listening on the port 3000
2022-11-30 14:27:25 info: =================================
2022-11-30 14:27:30 info: =================================
2022-11-30 14:27:30 info: ======= ENV: development =======
2022-11-30 14:27:30 info: 🚀 App listening on the port 3000
2022-11-30 14:27:30 info: =================================
2022-11-30 14:27:39 info: =================================
2022-11-30 14:27:39 info: ======= ENV: development =======
2022-11-30 14:27:39 info: 🚀 App listening on the port 3000
2022-11-30 14:27:39 info: =================================
2022-11-30 14:27:51 info: =================================
2022-11-30 14:27:51 info: ======= ENV: development =======
2022-11-30 14:27:51 info: 🚀 App listening on the port 3000
2022-11-30 14:27:51 info: =================================
2022-11-30 14:28:11 info: =================================
2022-11-30 14:28:11 info: ======= ENV: development =======
2022-11-30 14:28:11 info: 🚀 App listening on the port 3000
2022-11-30 14:28:11 info: =================================
2022-11-30 14:28:22 info: =================================
2022-11-30 14:28:22 info: ======= ENV: development =======
2022-11-30 14:28:22 info: 🚀 App listening on the port 3000
2022-11-30 14:28:22 info: =================================
2022-11-30 14:28:38 info: =================================
2022-11-30 14:28:38 info: ======= ENV: development =======
2022-11-30 14:28:38 info: 🚀 App listening on the port 3000
2022-11-30 14:28:38 info: =================================
2022-11-30 14:28:47 info: =================================
2022-11-30 14:28:47 info: ======= ENV: development =======
2022-11-30 14:28:47 info: 🚀 App listening on the port 3000
2022-11-30 14:28:47 info: =================================
2022-11-30 14:28:51 info: =================================
2022-11-30 14:28:51 info: ======= ENV: development =======
2022-11-30 14:28:51 info: 🚀 App listening on the port 3000
2022-11-30 14:28:51 info: =================================
2022-11-30 14:29:02 info: =================================
2022-11-30 14:29:02 info: ======= ENV: development =======
2022-11-30 14:29:02 info: 🚀 App listening on the port 3000
2022-11-30 14:29:02 info: =================================
2022-11-30 14:29:33 info: =================================
2022-11-30 14:29:33 info: ======= ENV: development =======
2022-11-30 14:29:33 info: 🚀 App listening on the port 3000
2022-11-30 14:29:33 info: =================================
2022-11-30 14:29:49 info: =================================
2022-11-30 14:29:49 info: ======= ENV: development =======
2022-11-30 14:29:49 info: 🚀 App listening on the port 3000
2022-11-30 14:29:49 info: =================================
2022-11-30 14:30:51 info: [0mGET /features/1 [33m404[0m 10.209 ms - 149[0m
2022-11-30 14:30:58 info: [0mPOST /login [32m200[0m 141.854 ms - 138[0m
2022-11-30 14:31:10 info: [0mGET /features/1 [33m404[0m 1.690 ms - 149[0m
2022-11-30 14:32:49 info: =================================
2022-11-30 14:32:49 info: ======= ENV: development =======
2022-11-30 14:32:49 info: 🚀 App listening on the port 3000
2022-11-30 14:32:49 info: =================================
2022-11-30 14:33:10 info: =================================
2022-11-30 14:33:10 info: ======= ENV: development =======
2022-11-30 14:33:10 info: 🚀 App listening on the port 3000
2022-11-30 14:33:10 info: =================================
2022-11-30 14:33:12 info: [0mGET /features/1 [32m200[0m 9.152 ms - 40[0m
2022-11-30 14:33:16 info: [0mGET /features/2 [32m200[0m 2.297 ms - 40[0m
2022-11-30 14:33:20 info: [0mGET /features/3 [32m200[0m 1.589 ms - 40[0m
2022-11-30 14:33:43 info: =================================
2022-11-30 14:33:43 info: ======= ENV: development =======
2022-11-30 14:33:43 info: 🚀 App listening on the port 3000
2022-11-30 14:33:43 info: =================================
2022-11-30 14:48:24 info: =================================
2022-11-30 14:48:24 info: ======= ENV: development =======
2022-11-30 14:48:24 info: 🚀 App listening on the port 3000
2022-11-30 14:48:24 info: =================================
2022-11-30 14:48:41 info: =================================
2022-11-30 14:48:41 info: ======= ENV: development =======
2022-11-30 14:48:41 info: 🚀 App listening on the port 3000
2022-11-30 14:48:41 info: =================================
2022-11-30 14:49:00 info: =================================
2022-11-30 14:49:00 info: ======= ENV: development =======
2022-11-30 14:49:00 info: 🚀 App listening on the port 3000
2022-11-30 14:49:00 info: =================================
2022-11-30 14:54:24 info: =================================
2022-11-30 14:54:24 info: ======= ENV: development =======
2022-11-30 14:54:24 info: 🚀 App listening on the port 3000
2022-11-30 14:54:24 info: =================================
2022-11-30 14:55:32 info: =================================
2022-11-30 14:55:32 info: ======= ENV: development =======
2022-11-30 14:55:32 info: 🚀 App listening on the port 3000
2022-11-30 14:55:32 info: =================================
2022-11-30 14:56:08 info: =================================
2022-11-30 14:56:08 info: ======= ENV: development =======
2022-11-30 14:56:08 info: 🚀 App listening on the port 3000
2022-11-30 14:56:08 info: =================================
2022-11-30 15:09:40 info: =================================
2022-11-30 15:09:40 info: ======= ENV: development =======
2022-11-30 15:09:40 info: 🚀 App listening on the port 3000
2022-11-30 15:09:40 info: =================================
2022-11-30 15:10:46 info: =================================
2022-11-30 15:10:46 info: ======= ENV: development =======
2022-11-30 15:10:46 info: 🚀 App listening on the port 3000
2022-11-30 15:10:46 info: =================================
2022-11-30 15:11:02 info: =================================
2022-11-30 15:11:02 info: ======= ENV: development =======
2022-11-30 15:11:02 info: 🚀 App listening on the port 3000
2022-11-30 15:11:02 info: =================================
2022-11-30 15:11:09 info: =================================
2022-11-30 15:11:09 info: ======= ENV: development =======
2022-11-30 15:11:09 info: 🚀 App listening on the port 3000
2022-11-30 15:11:09 info: =================================
2022-11-30 15:11:31 info: =================================
2022-11-30 15:11:31 info: ======= ENV: development =======
2022-11-30 15:11:31 info: 🚀 App listening on the port 3000
2022-11-30 15:11:31 info: =================================
2022-11-30 15:30:18 info: =================================
2022-11-30 15:30:18 info: ======= ENV: development =======
2022-11-30 15:30:18 info: 🚀 App listening on the port 3000
2022-11-30 15:30:18 info: =================================
2022-11-30 15:35:16 info: [0mGET / [32m200[0m 7.139 ms - 2[0m
2022-11-30 15:35:17 info: [0mGET /favicon.ico [33m404[0m 4.612 ms - 150[0m
2022-11-30 15:35:36 info: [0mGET /features/1 [32m200[0m 2.780 ms - 40[0m
2022-11-30 15:35:38 info: [0mGET /favicon.ico [33m404[0m 1.956 ms - 150[0m
2022-11-30 15:36:02 info: =================================
2022-11-30 15:36:02 info: ======= ENV: development =======
2022-11-30 15:36:02 info: 🚀 App listening on the port 3000
2022-11-30 15:36:02 info: =================================
2022-11-30 15:36:02 info: [0mGET /features/1 [36m304[0m 9.233 ms - -[0m
2022-11-30 15:36:04 info: [0mGET /favicon.ico [33m404[0m 5.304 ms - 150[0m
2022-11-30 15:36:08 info: [0mGET /features/1 [32m200[0m 1.803 ms - 40[0m
2022-11-30 15:36:10 info: [0mGET /favicon.ico [33m404[0m 1.647 ms - 150[0m
2022-11-30 15:36:24 info: [0mGET / [32m200[0m 1.882 ms - 2[0m
2022-11-30 15:36:26 info: [0mGET /favicon.ico [33m404[0m 1.048 ms - 150[0m
2022-11-30 16:03:44 info: =================================
2022-11-30 16:03:44 info: ======= ENV: development =======
2022-11-30 16:03:44 info: 🚀 App listening on the port 3000
2022-11-30 16:03:44 info: =================================
2022-11-30 16:14:40 info: =================================
2022-11-30 16:14:40 info: ======= ENV: development =======
2022-11-30 16:14:40 info: 🚀 App listening on the port 3000
2022-11-30 16:14:40 info: =================================
2022-11-30 16:14:49 info: =================================
2022-11-30 16:14:49 info: ======= ENV: development =======
2022-11-30 16:14:49 info: 🚀 App listening on the port 3000
2022-11-30 16:14:49 info: =================================
2022-11-30 16:15:01 info: =================================
2022-11-30 16:15:01 info: ======= ENV: development =======
2022-11-30 16:15:01 info: 🚀 App listening on the port 3000
2022-11-30 16:15:01 info: =================================
2022-11-30 16:15:27 info: =================================
2022-11-30 16:15:27 info: ======= ENV: development =======
2022-11-30 16:15:27 info: 🚀 App listening on the port 3000
2022-11-30 16:15:27 info: =================================
2022-11-30 16:16:11 info: =================================
2022-11-30 16:16:11 info: ======= ENV: development =======
2022-11-30 16:16:11 info: 🚀 App listening on the port 3000
2022-11-30 16:16:11 info: =================================
2022-11-30 16:16:54 info: =================================
2022-11-30 16:16:54 info: ======= ENV: development =======
2022-11-30 16:16:54 info: 🚀 App listening on the port 3000
2022-11-30 16:16:54 info: =================================
2022-11-30 16:17:02 info: =================================
2022-11-30 16:17:02 info: ======= ENV: development =======
2022-11-30 16:17:02 info: 🚀 App listening on the port 3000
2022-11-30 16:17:02 info: =================================
2022-11-30 16:17:11 info: =================================
2022-11-30 16:17:11 info: ======= ENV: development =======
2022-11-30 16:17:11 info: 🚀 App listening on the port 3000
2022-11-30 16:17:11 info: =================================
2022-11-30 16:18:05 info: =================================
2022-11-30 16:18:05 info: ======= ENV: development =======
2022-11-30 16:18:05 info: 🚀 App listening on the port 3000
2022-11-30 16:18:05 info: =================================
2022-11-30 16:18:27 info: =================================
2022-11-30 16:18:27 info: ======= ENV: development =======
2022-11-30 16:18:27 info: 🚀 App listening on the port 3000
2022-11-30 16:18:27 info: =================================
2022-11-30 16:19:07 info: =================================
2022-11-30 16:19:07 info: ======= ENV: development =======
2022-11-30 16:19:07 info: 🚀 App listening on the port 3000
2022-11-30 16:19:07 info: =================================
2022-11-30 16:19:11 info: =================================
2022-11-30 16:19:11 info: ======= ENV: development =======
2022-11-30 16:19:11 info: 🚀 App listening on the port 3000
2022-11-30 16:19:11 info: =================================
2022-11-30 16:45:20 info: =================================
2022-11-30 16:45:20 info: ======= ENV: development =======
2022-11-30 16:45:20 info: 🚀 App listening on the port 3000
2022-11-30 16:45:20 info: =================================
2022-11-30 16:45:26 info: =================================
2022-11-30 16:45:26 info: ======= ENV: development =======
2022-11-30 16:45:26 info: 🚀 App listening on the port 3000
2022-11-30 16:45:26 info: =================================
2022-11-30 16:45:48 info: =================================
2022-11-30 16:45:48 info: ======= ENV: development =======
2022-11-30 16:45:48 info: 🚀 App listening on the port 3000
2022-11-30 16:45:48 info: =================================
2022-11-30 16:46:21 info: =================================
2022-11-30 16:46:21 info: ======= ENV: development =======
2022-11-30 16:46:21 info: 🚀 App listening on the port 3000
2022-11-30 16:46:21 info: =================================
2022-11-30 16:46:35 info: [0mGET / [32m200[0m 7.839 ms - 2[0m
2022-11-30 16:46:37 info: [0mGET /favicon.ico [33m404[0m 7.547 ms - 150[0m
2022-11-30 16:47:14 info: =================================
2022-11-30 16:47:14 info: ======= ENV: development =======
2022-11-30 16:47:14 info: 🚀 App listening on the port 3000
2022-11-30 16:47:14 info: =================================
2022-11-30 16:47:23 info: =================================
2022-11-30 16:47:23 info: ======= ENV: development =======
2022-11-30 16:47:23 info: 🚀 App listening on the port 3000
2022-11-30 16:47:23 info: =================================
2022-11-30 16:48:15 info: =================================
2022-11-30 16:48:15 info: ======= ENV: development =======
2022-11-30 16:48:15 info: 🚀 App listening on the port 3000
2022-11-30 16:48:15 info: =================================
2022-11-30 16:49:02 info: =================================
2022-11-30 16:49:02 info: ======= ENV: development =======
2022-11-30 16:49:02 info: 🚀 App listening on the port 3000
2022-11-30 16:49:02 info: =================================
2022-11-30 17:03:51 info: =================================
2022-11-30 17:03:51 info: ======= ENV: development =======
2022-11-30 17:03:51 info: 🚀 App listening on the port 3000
2022-11-30 17:03:51 info: =================================
2022-11-30 17:08:44 info: =================================
2022-11-30 17:08:44 info: ======= ENV: development =======
2022-11-30 17:08:44 info: 🚀 App listening on the port 3000
2022-11-30 17:08:44 info: =================================
2022-11-30 17:10:07 info: =================================
2022-11-30 17:10:07 info: ======= ENV: development =======
2022-11-30 17:10:07 info: 🚀 App listening on the port 3000
2022-11-30 17:10:07 info: =================================
2022-11-30 17:14:12 info: =================================
2022-11-30 17:14:12 info: ======= ENV: development =======
2022-11-30 17:14:12 info: 🚀 App listening on the port 3000
2022-11-30 17:14:12 info: =================================
2022-11-30 17:14:22 info: =================================
2022-11-30 17:14:22 info: ======= ENV: development =======
2022-11-30 17:14:22 info: 🚀 App listening on the port 3000
2022-11-30 17:14:22 info: =================================
2022-11-30 17:14:40 info: =================================
2022-11-30 17:14:40 info: ======= ENV: development =======
2022-11-30 17:14:40 info: 🚀 App listening on the port 3000
2022-11-30 17:14:40 info: =================================
2022-11-30 17:15:34 info: =================================
2022-11-30 17:15:34 info: ======= ENV: development =======
2022-11-30 17:15:34 info: 🚀 App listening on the port 3000
2022-11-30 17:15:34 info: =================================
2022-11-30 17:16:02 info: =================================
2022-11-30 17:16:02 info: ======= ENV: development =======
2022-11-30 17:16:02 info: 🚀 App listening on the port 3000
2022-11-30 17:16:02 info: =================================
2022-11-30 17:16:10 info: =================================
2022-11-30 17:16:10 info: ======= ENV: development =======
2022-11-30 17:16:10 info: 🚀 App listening on the port 3000
2022-11-30 17:16:10 info: =================================
2022-11-30 17:16:13 info: =================================
2022-11-30 17:16:13 info: ======= ENV: development =======
2022-11-30 17:16:13 info: 🚀 App listening on the port 3000
2022-11-30 17:16:13 info: =================================
2022-11-30 17:16:18 info: =================================
2022-11-30 17:16:18 info: ======= ENV: development =======
2022-11-30 17:16:18 info: 🚀 App listening on the port 3000
2022-11-30 17:16:18 info: =================================
2022-11-30 17:17:33 info: =================================
2022-11-30 17:17:33 info: ======= ENV: development =======
2022-11-30 17:17:33 info: 🚀 App listening on the port 3000
2022-11-30 17:17:33 info: =================================
2022-11-30 17:17:39 info: =================================
2022-11-30 17:17:39 info: ======= ENV: development =======
2022-11-30 17:17:39 info: 🚀 App listening on the port 3000
2022-11-30 17:17:39 info: =================================
2022-11-30 17:17:49 info: =================================
2022-11-30 17:17:49 info: ======= ENV: development =======
2022-11-30 17:17:49 info: 🚀 App listening on the port 3000
2022-11-30 17:17:49 info: =================================
2022-11-30 17:18:14 info: =================================
2022-11-30 17:18:14 info: ======= ENV: development =======
2022-11-30 17:18:14 info: 🚀 App listening on the port 3000
2022-11-30 17:18:14 info: =================================
2022-11-30 17:19:08 info: =================================
2022-11-30 17:19:08 info: ======= ENV: development =======
2022-11-30 17:19:08 info: 🚀 App listening on the port 3000
2022-11-30 17:19:08 info: =================================
2022-11-30 17:19:13 info: =================================
2022-11-30 17:19:13 info: ======= ENV: development =======
2022-11-30 17:19:13 info: 🚀 App listening on the port 3000
2022-11-30 17:19:13 info: =================================
2022-11-30 17:19:26 info: =================================
2022-11-30 17:19:26 info: ======= ENV: development =======
2022-11-30 17:19:26 info: 🚀 App listening on the port 3000
2022-11-30 17:19:26 info: =================================
2022-11-30 17:19:35 info: =================================
2022-11-30 17:19:35 info: ======= ENV: development =======
2022-11-30 17:19:35 info: 🚀 App listening on the port 3000
2022-11-30 17:19:35 info: =================================
2022-11-30 17:19:40 info: =================================
2022-11-30 17:19:40 info: ======= ENV: development =======
2022-11-30 17:19:40 info: 🚀 App listening on the port 3000
2022-11-30 17:19:40 info: =================================
2022-11-30 17:21:14 info: =================================
2022-11-30 17:21:14 info: ======= ENV: development =======
2022-11-30 17:21:14 info: 🚀 App listening on the port 3000
2022-11-30 17:21:14 info: =================================
2022-11-30 17:22:17 info: =================================
2022-11-30 17:22:17 info: ======= ENV: development =======
2022-11-30 17:22:17 info: 🚀 App listening on the port 3000
2022-11-30 17:22:17 info: =================================
2022-11-30 17:22:25 info: [0mGET /features/1 [32m200[0m 9.933 ms - 40[0m
2022-11-30 17:22:45 info: =================================
2022-11-30 17:22:45 info: ======= ENV: development =======
2022-11-30 17:22:45 info: 🚀 App listening on the port 3000
2022-11-30 17:22:45 info: =================================
2022-11-30 17:22:48 info: [0mGET /features/1 [32m200[0m 10.092 ms - 40[0m
2022-11-30 17:29:48 info: =================================
2022-11-30 17:29:48 info: ======= ENV: development =======
2022-11-30 17:29:48 info: 🚀 App listening on the port 3000
2022-11-30 17:29:48 info: =================================
2022-11-30 17:30:13 info: =================================
2022-11-30 17:30:13 info: ======= ENV: development =======
2022-11-30 17:30:13 info: 🚀 App listening on the port 3000
2022-11-30 17:30:13 info: =================================
2022-11-30 17:47:51 info: =================================
2022-11-30 17:47:51 info: ======= ENV: development =======
2022-11-30 17:47:51 info: 🚀 App listening on the port 3000
2022-11-30 17:47:51 info: =================================
2022-11-30 17:47:58 info: =================================
2022-11-30 17:47:58 info: ======= ENV: development =======
2022-11-30 17:47:58 info: 🚀 App listening on the port 3000
2022-11-30 17:47:58 info: =================================
2022-11-30 17:48:18 info: =================================
2022-11-30 17:48:18 info: ======= ENV: development =======
2022-11-30 17:48:18 info: 🚀 App listening on the port 3000
2022-11-30 17:48:18 info: =================================
2022-11-30 17:49:08 info: =================================
2022-11-30 17:49:08 info: ======= ENV: development =======
2022-11-30 17:49:08 info: 🚀 App listening on the port 3000
2022-11-30 17:49:08 info: =================================
2022-11-30 17:51:57 info: =================================
2022-11-30 17:51:57 info: ======= ENV: development =======
2022-11-30 17:51:57 info: 🚀 App listening on the port 3000
2022-11-30 17:51:57 info: =================================
2022-11-30 18:01:57 info: =================================
2022-11-30 18:01:57 info: ======= ENV: development =======
2022-11-30 18:01:57 info: 🚀 App listening on the port 3000
2022-11-30 18:01:57 info: =================================
2022-11-30 18:02:07 info: =================================
2022-11-30 18:02:07 info: ======= ENV: development =======
2022-11-30 18:02:07 info: 🚀 App listening on the port 3000
2022-11-30 18:02:07 info: =================================
2022-11-30 18:03:07 info: =================================
2022-11-30 18:03:07 info: ======= ENV: development =======
2022-11-30 18:03:07 info: 🚀 App listening on the port 3000
2022-11-30 18:03:07 info: =================================
2022-11-30 18:03:33 info: =================================
2022-11-30 18:03:33 info: ======= ENV: development =======
2022-11-30 18:03:33 info: 🚀 App listening on the port 3000
2022-11-30 18:03:33 info: =================================
2022-11-30 18:03:52 info: =================================
2022-11-30 18:03:52 info: ======= ENV: development =======
2022-11-30 18:03:52 info: 🚀 App listening on the port 3000
2022-11-30 18:03:52 info: =================================
2022-11-30 18:04:09 info: =================================
2022-11-30 18:04:09 info: ======= ENV: development =======
2022-11-30 18:04:09 info: 🚀 App listening on the port 3000
2022-11-30 18:04:09 info: =================================
2022-11-30 18:04:43 info: =================================
2022-11-30 18:04:43 info: ======= ENV: development =======
2022-11-30 18:04:43 info: 🚀 App listening on the port 3000
2022-11-30 18:04:43 info: =================================
2022-11-30 18:05:25 info: =================================
2022-11-30 18:05:25 info: ======= ENV: development =======
2022-11-30 18:05:25 info: 🚀 App listening on the port 3000
2022-11-30 18:05:25 info: =================================
2022-11-30 18:05:49 info: =================================
2022-11-30 18:05:49 info: ======= ENV: development =======
2022-11-30 18:05:49 info: 🚀 App listening on the port 3000
2022-11-30 18:05:49 info: =================================
2022-11-30 18:07:08 info: =================================
2022-11-30 18:07:08 info: ======= ENV: development =======
2022-11-30 18:07:08 info: 🚀 App listening on the port 3000
2022-11-30 18:07:08 info: =================================
2022-11-30 18:07:19 info: =================================
2022-11-30 18:07:19 info: ======= ENV: development =======
2022-11-30 18:07:19 info: 🚀 App listening on the port 3000
2022-11-30 18:07:19 info: =================================
2022-11-30 18:07:43 info: =================================
2022-11-30 18:07:43 info: ======= ENV: development =======
2022-11-30 18:07:43 info: 🚀 App listening on the port 3000
2022-11-30 18:07:43 info: =================================
2022-11-30 18:08:13 info: =================================
2022-11-30 18:08:13 info: ======= ENV: development =======
2022-11-30 18:08:13 info: 🚀 App listening on the port 3000
2022-11-30 18:08:13 info: =================================
2022-11-30 18:23:00 info: =================================
2022-11-30 18:23:00 info: ======= ENV: development =======
2022-11-30 18:23:00 info: 🚀 App listening on the port 3000
2022-11-30 18:23:00 info: =================================
2022-11-30 18:23:54 info: =================================
2022-11-30 18:23:54 info: ======= ENV: development =======
2022-11-30 18:23:54 info: 🚀 App listening on the port 3000
2022-11-30 18:23:54 info: =================================
2022-11-30 18:24:15 info: [0mGET /features/1 [0m-[0m - ms - -[0m
2022-11-30 18:24:54 info: =================================
2022-11-30 18:24:54 info: ======= ENV: development =======
2022-11-30 18:24:54 info: 🚀 App listening on the port 3000
2022-11-30 18:24:54 info: =================================
2022-11-30 18:30:16 info: =================================
2022-11-30 18:30:16 info: ======= ENV: development =======
2022-11-30 18:30:16 info: 🚀 App listening on the port 3000
2022-11-30 18:30:16 info: =================================
2022-11-30 18:30:22 info: =================================
2022-11-30 18:30:22 info: ======= ENV: development =======
2022-11-30 18:30:22 info: 🚀 App listening on the port 3000
2022-11-30 18:30:22 info: =================================
2022-11-30 18:47:11 info: =================================
2022-11-30 18:47:11 info: ======= ENV: development =======
2022-11-30 18:47:11 info: 🚀 App listening on the port 3000
2022-11-30 18:47:11 info: =================================
2022-11-30 18:47:18 info: =================================
2022-11-30 18:47:18 info: ======= ENV: development =======
2022-11-30 18:47:18 info: 🚀 App listening on the port 3000
2022-11-30 18:47:18 info: =================================
2022-11-30 18:47:24 info: =================================
2022-11-30 18:47:24 info: ======= ENV: development =======
2022-11-30 18:47:24 info: 🚀 App listening on the port 3000
2022-11-30 18:47:24 info: =================================
2022-11-30 18:47:28 info: =================================
2022-11-30 18:47:28 info: ======= ENV: development =======
2022-11-30 18:47:28 info: 🚀 App listening on the port 3000
2022-11-30 18:47:28 info: =================================
2022-11-30 18:57:03 info: =================================
2022-11-30 18:57:03 info: ======= ENV: development =======
2022-11-30 18:57:03 info: 🚀 App listening on the port 3000
2022-11-30 18:57:03 info: =================================
2022-11-30 18:57:31 info: =================================
2022-11-30 18:57:31 info: ======= ENV: development =======
2022-11-30 18:57:31 info: 🚀 App listening on the port 3000
2022-11-30 18:57:31 info: =================================
2022-11-30 18:57:54 info: =================================
2022-11-30 18:57:54 info: ======= ENV: development =======
2022-11-30 18:57:54 info: 🚀 App listening on the port 3000
2022-11-30 18:57:54 info: =================================
2022-11-30 18:58:02 info: =================================
2022-11-30 18:58:02 info: ======= ENV: development =======
2022-11-30 18:58:02 info: 🚀 App listening on the port 3000
2022-11-30 18:58:02 info: =================================
2022-11-30 18:58:10 info: =================================
2022-11-30 18:58:10 info: ======= ENV: development =======
2022-11-30 18:58:10 info: 🚀 App listening on the port 3000
2022-11-30 18:58:10 info: =================================
2022-11-30 18:58:21 error: [GET] /features/1 >> StatusCode:: 500, Message:: TypeError: Cannot read properties of undefined (reading 'id')
2022-11-30 18:58:21 info: [0mGET /features/1 [31m500[0m 10.011 ms - 14[0m
2022-11-30 19:10:56 info: =================================
2022-11-30 19:10:56 info: ======= ENV: development =======
2022-11-30 19:10:56 info: 🚀 App listening on the port 3000
2022-11-30 19:10:56 info: =================================
2022-11-30 19:11:00 info: [0mGET /features/1 [32m200[0m 14.088 ms - 40[0m
2022-11-30 19:11:22 info: [0mGET /features/1 [32m200[0m 2.786 ms - 40[0m
2022-11-30 19:13:28 info: [0mGET /features/1 [32m200[0m 3.999 ms - 40[0m
2022-11-30 19:14:44 info: =================================
2022-11-30 19:14:44 info: ======= ENV: development =======
2022-11-30 19:14:44 info: 🚀 App listening on the port 3000
2022-11-30 19:14:44 info: =================================
2022-11-30 19:15:22 info: =================================
2022-11-30 19:15:22 info: ======= ENV: development =======
2022-11-30 19:15:22 info: 🚀 App listening on the port 3000
2022-11-30 19:15:22 info: =================================
2022-11-30 19:17:50 info: =================================
2022-11-30 19:17:50 info: ======= ENV: development =======
2022-11-30 19:17:50 info: 🚀 App listening on the port 3000
2022-11-30 19:17:50 info: =================================
2022-11-30 19:18:03 info: =================================
2022-11-30 19:18:03 info: ======= ENV: development =======
2022-11-30 19:18:03 info: 🚀 App listening on the port 3000
2022-11-30 19:18:03 info: =================================
2022-11-30 19:18:08 info: [0mGET /features/1 [32m200[0m 13.514 ms - 40[0m
2022-11-30 19:19:29 info: [0mGET /features/1 [32m200[0m 2.516 ms - 40[0m
2022-11-30 19:19:32 info: [0mGET /features/1 [32m200[0m 1.824 ms - 40[0m
2022-11-30 19:20:36 info: =================================
2022-11-30 19:20:36 info: ======= ENV: development =======
2022-11-30 19:20:36 info: 🚀 App listening on the port 3000
2022-11-30 19:20:36 info: =================================
2022-11-30 19:21:33 info: [0mGET /features/1 [32m200[0m 13.112 ms - 40[0m
2022-11-30 19:21:44 info: [0mGET /features/1 [32m200[0m 3.332 ms - 40[0m
2022-11-30 19:29:03 info: =================================
2022-11-30 19:29:03 info: ======= ENV: development =======
2022-11-30 19:29:03 info: 🚀 App listening on the port 3000
2022-11-30 19:29:03 info: =================================
2022-11-30 19:29:31 info: =================================
2022-11-30 19:29:31 info: ======= ENV: development =======
2022-11-30 19:29:31 info: 🚀 App listening on the port 3000
2022-11-30 19:29:31 info: =================================
2022-11-30 19:30:05 info: =================================
2022-11-30 19:30:05 info: ======= ENV: development =======
2022-11-30 19:30:05 info: 🚀 App listening on the port 3000
2022-11-30 19:30:05 info: =================================
2022-11-30 19:30:10 info: =================================
2022-11-30 19:30:10 info: ======= ENV: development =======
2022-11-30 19:30:10 info: 🚀 App listening on the port 3000
2022-11-30 19:30:10 info: =================================
2022-11-30 19:30:17 info: [0mGET /features/1 [32m200[0m 16.805 ms - 40[0m
2022-11-30 19:30:51 info: =================================
2022-11-30 19:30:51 info: ======= ENV: development =======
2022-11-30 19:30:51 info: 🚀 App listening on the port 3000
2022-11-30 19:30:51 info: =================================
2022-11-30 19:31:14 info: =================================
2022-11-30 19:31:14 info: ======= ENV: development =======
2022-11-30 19:31:14 info: 🚀 App listening on the port 3000
2022-11-30 19:31:14 info: =================================
2022-11-30 19:31:36 info: =================================
2022-11-30 19:31:36 info: ======= ENV: development =======
2022-11-30 19:31:36 info: 🚀 App listening on the port 3000
2022-11-30 19:31:36 info: =================================
2022-11-30 19:32:07 info: =================================
2022-11-30 19:32:07 info: ======= ENV: development =======
2022-11-30 19:32:07 info: 🚀 App listening on the port 3000
2022-11-30 19:32:07 info: =================================
2022-11-30 19:32:24 info: =================================
2022-11-30 19:32:24 info: ======= ENV: development =======
2022-11-30 19:32:24 info: 🚀 App listening on the port 3000
2022-11-30 19:32:24 info: =================================
2022-11-30 19:32:51 info: =================================
2022-11-30 19:32:51 info: ======= ENV: development =======
2022-11-30 19:32:51 info: 🚀 App listening on the port 3000
2022-11-30 19:32:51 info: =================================
2022-11-30 19:33:08 info: =================================
2022-11-30 19:33:08 info: ======= ENV: development =======
2022-11-30 19:33:08 info: 🚀 App listening on the port 3000
2022-11-30 19:33:08 info: =================================
2022-11-30 19:33:17 info: =================================
2022-11-30 19:33:17 info: ======= ENV: development =======
2022-11-30 19:33:17 info: 🚀 App listening on the port 3000
2022-11-30 19:33:17 info: =================================
2022-11-30 19:33:36 info: =================================
2022-11-30 19:33:36 info: ======= ENV: development =======
2022-11-30 19:33:36 info: 🚀 App listening on the port 3000
2022-11-30 19:33:36 info: =================================
2022-11-30 19:33:52 info: =================================
2022-11-30 19:33:52 info: ======= ENV: development =======
2022-11-30 19:33:52 info: 🚀 App listening on the port 3000
2022-11-30 19:33:52 info: =================================
2022-11-30 19:34:10 info: =================================
2022-11-30 19:34:10 info: ======= ENV: development =======
2022-11-30 19:34:10 info: 🚀 App listening on the port 3000
2022-11-30 19:34:10 info: =================================
2022-11-30 19:34:24 info: =================================
2022-11-30 19:34:24 info: ======= ENV: development =======
2022-11-30 19:34:24 info: 🚀 App listening on the port 3000
2022-11-30 19:34:24 info: =================================
2022-11-30 19:34:26 error: [GET] /features/1 >> StatusCode:: 500, Message:: Cannot set headers after they are sent to the client
2022-11-30 19:34:26 info: [0mGET /features/1 [31m500[0m 15.443 ms - 52[0m
2022-11-30 19:34:45 info: =================================
2022-11-30 19:34:45 info: ======= ENV: development =======
2022-11-30 19:34:45 info: 🚀 App listening on the port 3000
2022-11-30 19:34:45 info: =================================
2022-11-30 19:34:56 info: =================================
2022-11-30 19:34:56 info: ======= ENV: development =======
2022-11-30 19:34:56 info: 🚀 App listening on the port 3000
2022-11-30 19:34:56 info: =================================
2022-11-30 19:35:12 info: =================================
2022-11-30 19:35:12 info: ======= ENV: development =======
2022-11-30 19:35:12 info: 🚀 App listening on the port 3000
2022-11-30 19:35:12 info: =================================
2022-11-30 19:35:14 info: [0mGET /features/1 [32m200[0m 15.013 ms - 52[0m
2022-11-30 19:35:21 info: [0mGET /features/1 [32m200[0m 3.159 ms - 53[0m
2022-11-30 19:35:45 info: =================================
2022-11-30 19:35:45 info: ======= ENV: development =======
2022-11-30 19:35:45 info: 🚀 App listening on the port 3000
2022-11-30 19:35:45 info: =================================
2022-11-30 19:36:02 info: =================================
2022-11-30 19:36:02 info: ======= ENV: development =======
2022-11-30 19:36:02 info: 🚀 App listening on the port 3000
2022-11-30 19:36:02 info: =================================
2022-11-30 19:36:38 info: [0mGET /features/1 [32m200[0m 14.968 ms - 53[0m
2022-11-30 19:36:50 info: [0mGET /features/1 [32m200[0m 4.184 ms - 52[0m
2022-11-30 19:37:21 info: =================================
2022-11-30 19:37:21 info: ======= ENV: development =======
2022-11-30 19:37:21 info: 🚀 App listening on the port 3000
2022-11-30 19:37:21 info: =================================
2022-11-30 19:37:23 info: [0mGET /features/1 [32m200[0m 13.975 ms - 52[0m
2022-11-30 19:37:41 info: [0mGET /features/1 [32m200[0m 3.175 ms - 52[0m
2022-11-30 19:37:48 info: [0mGET /features/1 [32m200[0m 2.777 ms - 52[0m
2022-11-30 19:37:56 info: [0mGET /features/1 [32m200[0m 2.726 ms - 52[0m
2022-11-30 19:38:04 info: [0mGET /features/1 [32m200[0m 2.101 ms - 52[0m
2022-11-30 19:38:09 info: [0mGET /features/1 [32m200[0m 2.875 ms - 52[0m
2022-11-30 19:38:16 info: [0mGET /features/1 [32m200[0m 1.959 ms - 53[0m
2022-11-30 19:38:35 info: =================================
2022-11-30 19:38:35 info: ======= ENV: development =======
2022-11-30 19:38:35 info: 🚀 App listening on the port 3000
2022-11-30 19:38:35 info: =================================
2022-11-30 19:38:38 info: [0mGET /features/1 [32m200[0m 14.174 ms - 52[0m
2022-11-30 19:38:39 info: [0mGET /features/1 [32m200[0m 2.917 ms - 52[0m
2022-11-30 19:38:40 info: [0mGET /features/1 [32m200[0m 2.040 ms - 52[0m
2022-11-30 19:38:40 info: [0mGET /features/1 [32m200[0m 1.884 ms - 52[0m
2022-11-30 19:38:47 info: [0mGET /features/1 [32m200[0m 1.569 ms - 52[0m
2022-11-30 19:38:55 info: =================================
2022-11-30 19:38:55 info: ======= ENV: development =======
2022-11-30 19:38:55 info: 🚀 App listening on the port 3000
2022-11-30 19:38:55 info: =================================
2022-11-30 19:38:57 info: [0mGET /features/1 [32m200[0m 14.687 ms - 52[0m
2022-11-30 19:39:14 info: [0mGET /features/1 [32m200[0m 3.338 ms - 52[0m
